warning: in the working copy of 'app/componentwarning: in the working copy of 'app/api/trafego/funil/route.ts', LF will be replaced by CRLF the next time Git touches it
warning: in the working copy of 'auto-save.log', LF will be replaced by CRLF the next time Git touches it
[main 5facfd6] auto-save: 2026-04-09 00:27
 2 files changed, 51 insertions(+), 16 deletions(-)
To https://github.com/contatocardosoeo-sys/excalibur-hq.git
   fd3e6dd..5facfd6  main -> main
✅ Auto-save: 2026-04-09 warninwarning: in the working copy of 'auto-save.log', LF will be replaced by CRLF the next time Git touches it
[main a285e68] auto-save: 2026-04-09 00:57
 1 file changed, 3 insertions(+)
To https://github.com/contatocardosoeo-sys/excalibur-hq.git
   afc3be8..a285e68  main -> main
✅ Auto-save: 2026-04-09 00:57
warning: in the working copy of 'auto-save.log', LF will be replaced by CRLF the next time Git touches it
[main c06df2f] auto-save: 2026-04-09 19:57
 1 file changed, 3 insertions(+)
To https://github.com/contatocardosoeo-sys/excalibur-hq.git
   f6e9b42..c06df2f  main -> main
✅ Auto-save: 2026-04-09 19:57
warning: in the working copy of 'auto-save.log', LF will be replaced by CRLF the next time Git touches it
[main 1c55cd0] auto-save: 2026-04-09 20:27
 1 file changed, 3 insertions(+)
To https://github.com/contatocardosoeo-sys/excalibur-hq.git
   b93cbce..1c55cd0  main -> main
✅ Auto-save: 2026-04-09 20:27
warning: in the working copy of 'auto-save.log', LF will be replaced by CRLF the next time Git touches it
[main 94574e3] auto-save: 2026-04-09 20:57
 1 file changed, 3 insertions(+)
To https://github.com/contatocardosoeo-sys/excalibur-hq.git
   8e28a53..94574e3  main -> main
✅ Auto-save: 2026-04-09 20:57
0:26
warning: in the working copy of 'auto-save.log', LF will be replaced by CRLF the next time Git touches it
[main 8e28a53] auto-save: 2026-04-09 20:56 — auto-save.log,
 1 file changed, 9 insertions(+), 6 deletions(-)
To https://github.com/contatocardosoeo-sys/excalibur-hq.git
   1c55cd0..8e28a53  main -> main
✅ Auto-save: 2026-04-09 20:56
